<?xml version="1.0" encoding="UTF-8"?>
<testng-results ignored="0" total="1" passed="1" failed="0" skipped="0">
  <reporter-output>
  </reporter-output>
  <suite started-at="2024-05-28T09:54:32 PDT" name="Default suite" finished-at="2024-05-28T09:54:35 PDT" duration-ms="3061">
    <groups>
    </groups>
    <test started-at="2024-05-28T09:54:32 PDT" name="Default test" finished-at="2024-05-28T09:54:35 PDT" duration-ms="3061">
      <class name="Testcases.Facebooktestcase">
        <test-method signature="login()[pri:0, instance:Testcases.Facebooktestcase@4535b6d5]" started-at="2024-05-28T09:54:32 PDT" name="login" finished-at="2024-05-28T09:54:35 PDT" duration-ms="3014" status="PASS">
          <reporter-output>
          </reporter-output>
        </test-method> <!-- login -->
      </class> <!-- Testcases.Facebooktestcase -->
    </test> <!-- Default test -->
  </suite> <!-- Default suite -->
</testng-results>
